Starting Dynare (version 6.1).
Calling Dynare with arguments: none
Starting preprocessing of the model file ... 
WARNING: the location C:\Users\gauth\AppData\Roaming\dynare.ini for the configuration file is obsolete; please see the reference manual for the new location. 
WARNING: RBC_q0.mod:11.1-19.29: Symbol r declared twice. 
WARNING: in the 'steady_state_model' block, variable 'dyA' is declared twice 
Substitution of endo lags >= 2: added 15 auxiliary variables and equations. 
Found 84 equation(s). 
Evaluating expressions... 
Computing static model derivatives (order 1). 
Normalizing the static model... 
Finding the optimal block decomposition of the static model... 
21 block(s) found: 
  20 recursive block(s) and 1 simultaneous block(s). 
  the largest simultaneous block has 32 equation(s) 
                                 and 32 feedback variable(s). 
Computing dynamic model derivatives (order 1). 
Normalizing the dynamic model... 
Finding the optimal block decomposition of the dynamic model... 
17 block(s) found: 
  16 recursive block(s) and 1 simultaneous block(s). 
  the largest simultaneous block has 36 equation(s) 
                                 and 32 feedback variable(s). 
Preprocessing completed. 
Preprocessing time: 0h00m00s.


Residuals of the static equations:
Equation number  1: FOC home asset                                                                    :       0.000000
Equation number  2: FOC foreign asset                                                                 :       0.000000
Equation number  3: labor disutility index                                                            :       0.000000
Equation number  4: FOC h_N                                                                           :       0.000000
Equation number  5: FOC h_A                                                                           :       0.000000
Equation number  6: welfare                                                                           :       0.000000
Equation number  7: utility                                                                           :       0.000000
Equation number  8: Welfare loss auxiliary variable to convert welfare into unconditional consumption :       0.000000
Equation number  9: stochastic discount factor                                                        :       0.000000
Equation number 10: Marginal utility of consumption                                                   :       0.000000
Equation number 11: Marginal disutility of labor h_N                                                  :       0.000000
Equation number 12: Marginal disutility of labor h_A                                                  :       0.000000
Equation number 13: No arbitrage Bonds-Capital                                                        :       0.000000
Equation number 14: 14                                                                                :       0.000000
Equation number 15: Capital law of motion                                                             :       0.000000
Equation number 16: i_A                                                                               :       0.000000
Equation number 17: investment equation                                                               :       0.000000
Equation number 18: q_A                                                                               :       0.000000
Equation number 19: Production y_N                                                                    :       0.000000
Equation number 20: Production y_A                                                                    :       0.000000
Equation number 21: labor cost minimization N                                                         :       0.000000
Equation number 22: labor cost minimization A                                                         :       0.000000
Equation number 23: FOC land                                                                          :       0.000000
Equation number 24: FOC x                                                                             :       0.000000
Equation number 25: land cost                                                                         :       0.000000
Equation number 26: vc                                                                                :       0.000000
Equation number 27: Land                                                                              :       0.000000
Equation number 28: Damage function                                                                   :       0.000000
Equation number 29: total prod                                                                        :       0.000000
Equation number 30: i                                                                                 :       0.000000
Equation number 31: h                                                                                 :       0.000000
Equation number 32: Reallocation shock                                                                :       0.000000
Equation number 33: Ressources Constraint                                                             :       0.000000
Equation number 34: 34                                                                                :       0.000000
Equation number 35: Ricardian definitions                                                             :       0.000000
Equation number 36: 36                                                                                :       0.000000
Equation number 37: Gross Domestic Product                                                            :       0.000000
Equation number 38: Price indexes                                                                     :       0.000000
Equation number 39: 39                                                                                :       0.000000
Equation number 40: net foreign assets                                                                :       0.000000
Equation number 41: trade balance                                                                     :       0.000000
Equation number 42: relative price                                                                    :       0.000000
Equation number 43: net foreign assets                                                                :       0.000000
Equation number 44: uc_star                                                                           :       0.000000
Equation number 45: 45                                                                                :       0.000000
Equation number 46: 46                                                                                :       0.000000
Equation number 47: Observables                                                                       :       0.000000
Equation number 48: i_obs                                                                             :       0.000000
Equation number 49: h_obs                                                                             :       0.000000
Equation number 50: c_obs                                                                             :       0.000000
Equation number 51: smdi_obs                                                                          :       0.000000
Equation number 52: y_a_obs                                                                           :       0.000000
Equation number 53: wy_obs                                                                            :       0.000000
Equation number 54: rer_obs                                                                           :       0.000000
Equation number 55: y_N_obs                                                                           :       0.000000
Equation number 56: current account                                                                   :       0.000000
Equation number 57: Shock decomposition                                                               :       0.000000
Equation number 58: dy                                                                                :       0.000000
Equation number 59: dc                                                                                :       0.000000
Equation number 60: dH                                                                                :       0.000000
Equation number 61: welfare                                                                           :       0.000000
Equation number 62: Expected rer                                                                      :       0.000000
Equation number 63: shocks                                                                            :       0.000000
Equation number 64: 64                                                                                :       0.000000
Equation number 65: 65                                                                                :       0.000000
Equation number 66: 66                                                                                :       0.000000
Equation number 67: 67                                                                                :       0.000000
Equation number 68: 68                                                                                :       0.000000
Equation number 69: 69                                                                                :       0.000000



EIGENVALUES:
         Modulus             Real        Imaginary
               0                0                0
               0                0                0
               0                0                0
               0                0                0
               0                0                0
               0                0                0
               0                0                0
               0                0                0
               0                0                0
               0                0                0
               0                0                0
               0                0                0
               0                0                0
               0                0                0
               0                0                0
               0                0                0
               0                0                0
               0                0                0
               0                0                0
       7.659e-18       -7.659e-18                0
       2.553e-16       -2.553e-16                0
       5.438e-15        5.438e-15                0
        1.72e-14         1.72e-14                0
       3.765e-14        3.765e-14                0
            0.38             0.38                0
            0.38             0.38                0
          0.5138           0.5138                0
          0.7649           0.7649                0
             0.8              0.8                0
          0.8305           0.8305                0
          0.9199           0.9165          0.07915
          0.9199           0.9165         -0.07915
            0.95             0.95                0
            0.95             0.95                0
            0.95             0.95                0
            0.95             0.95                0
          0.9653           0.9653                0
          0.9949           0.9949                0
           1.012            1.012                0
           1.012            1.012                0
           1.012            1.012                0
           1.017            1.017                0
           1.037            1.037                0
           1.048            1.048                0
             1.1            1.096          0.09481
             1.1            1.096         -0.09481
           1.425            1.425                0
       1.633e+16       -1.633e+16                0
       3.541e+16       -3.541e+16                0
       1.297e+17       -1.297e+17                0
       1.316e+17        1.316e+17                0
       2.294e+17        2.294e+17                0
       4.859e+17       -4.859e+17                0
       1.749e+18        1.749e+18                0
       3.858e+18       -3.858e+18                0
             Inf             -Inf                0
             Inf              Inf                0

There are 19 eigenvalue(s) larger than 1 in modulus for 19 forward-looking variable(s)
The rank condition is verified.


You did not declare endogenous variables after the estimation/calib_smoother command.

[Warning: Some of the parameters have no value (chi, Tss, tau, kappa_A) when using initial_estimation_checks. If these
parameters are not initialized in a steadystate file or a steady_state_model-block, Dynare may not be able to solve the
model. Note that simul, perfect_foresight_setup, and perfect_foresight_solver do not automatically call the steady state
file.] 
Initial value of the log posterior (or likelihood): -1417.64

RESULTS FROM POSTERIOR ESTIMATION
parameters
        prior mean     mode    s.d.  prior pstdev

rho_z       0.5000   0.3074  0.1101   beta 0.2000 
rho_h       0.5000   0.9098  0.0389   beta 0.2000 
rho_g       0.5000   0.8706  0.0342   beta 0.2000 
rho_i       0.5000   0.4535  0.1069   beta 0.2000 
rho_n       0.5000   0.8588  0.0417   beta 0.2000 
rho_s       0.5000   0.3949  0.0910   beta 0.2000 
rho_e       0.5000   0.2061  0.0907   beta 0.2000 
rho_c       0.5000   0.9488  0.0167   beta 0.2000 
sig_z       1.0000   2.0376  0.1990  weibl 2.0000 
sig_h       1.0000   5.2280  0.8419  weibl 2.0000 
sig_g       1.0000   3.9057  0.2933  weibl 2.0000 
sig_i       1.0000   6.2527  0.9266  weibl 2.0000 
sig_n       1.0000  12.4815  1.9703  weibl 2.0000 
sig_s       1.0000   0.7999  0.0592  weibl 2.0000 
sig_e       1.0000   4.8943  0.5416  weibl 2.0000 
sig_c       1.0000   0.6614  0.0485  weibl 2.0000 
sigmaC      1.0000   1.2627  0.2357   norm 0.3500 
sigmaH      2.0000   3.6179  0.5965   norm 0.7500 
psi         1.0000   2.3463  0.5802   norm 1.0000 
omega       0.2000   0.1523  0.0603   beta 0.0800 
delta_L     0.2500   0.0311  0.0089   beta 0.1000 
b           0.7000   0.5566  0.0813   beta 0.1000 
iota        1.0000   3.5294  0.5025   norm 0.7500 
chi_I       4.0000   2.3978  0.6981   norm 1.5000 
mu          2.0000   3.5248  0.5727   gamm 1.0000 
mu_A        2.0000   1.0769  0.1507   gamm 1.0000 
mu_N        2.0000   0.8366  0.0614   gamm 1.0000 


Log data density [Laplace approximation] is -1449.597974.

Total computing time : 0h00m23s
Note: 3 warning(s) encountered in the preprocessor
Note: warning(s) encountered in MATLAB/Octave code
